# JRE version: Java(TM) SE Runtime Environment (8.0_131-b11) (build 1.8.0_131-b11)
# Java VM: Java HotSpot(TM) 64-Bit Server VM (25.131-b11 mixed mode windows-amd64 compressed oops)
Heap:
 PSYoungGen      total 509440K, used 192204K [0x000000076e100000, 0x000000078d600000, 0x00000007c0000000)
  eden space 507392K, 37% used [0x000000076e100000,0x0000000779cab020,0x000000078d080000)
  from space 2048K, 1% used [0x000000078d300000,0x000000078d308000,0x000000078d500000)
  to   space 2560K, 0% used [0x000000078d080000,0x000000078d080000,0x000000078d300000)
 ParOldGen       total 167936K, used 1415K [0x00000006ca200000, 0x00000006d4600000, 0x000000076e100000)
  object space 167936K, 0% used [0x00000006ca200000,0x00000006ca361ca0,0x00000006d4600000)
 Metaspace       used 7466K, capacity 7718K, committed 7808K, reserved 1056768K
  class space    used 796K, capacity 866K, committed 896K, reserved 1048576K
GC Heap History (10 events):
Event: 3.671 GC heap before
{Heap before GC invocations=4 (full 0):
 PSYoungGen      total 73728K, used 65016K [0x000000076e100000, 0x0000000777100000, 0x00000007c0000000)
  eden space 63488K, 100% used [0x000000076e100000,0x0000000771f00000,0x0000000771f00000)
  from space 10240K, 14% used [0x0000000771f00000,0x000000077207e010,0x0000000772900000)
  to   space 10240K, 0% used [0x0000000776700000,0x0000000776700000,0x0000000777100000)
 ParOldGen       total 167936K, used 16K [0x00000006ca200000, 0x00000006d4600000, 0x000000076e100000)
  object space 167936K, 0% used [0x00000006ca200000,0x00000006ca204000,0x00000006d4600000)
 Metaspace       used 4459K, capacity 4744K, committed 4864K, reserved 1056768K
  class space    used 490K, capacity 496K, committed 512K, reserved 1048576K
Event: 3.672 GC heap after
Heap after GC invocations=4 (full 0):
 PSYoungGen      total 137216K, used 1464K [0x000000076e100000, 0x0000000777100000, 0x00000007c0000000)
  eden space 126976K, 0% used [0x000000076e100000,0x000000076e100000,0x0000000775d00000)
  from space 10240K, 14% used [0x0000000776700000,0x000000077686e010,0x0000000777100000)
  to   space 10240K, 0% used [0x0000000775d00000,0x0000000775d00000,0x0000000776700000)
 ParOldGen       total 167936K, used 16K [0x00000006ca200000, 0x00000006d4600000, 0x000000076e100000)
  object space 167936K, 0% used [0x00000006ca200000,0x00000006ca204000,0x00000006d4600000)
 Metaspace       used 4459K, capacity 4744K, committed 4864K, reserved 1056768K
  class space    used 490K, capacity 496K, committed 512K, reserved 1048576K
}
Event: 3.782 GC heap before
{Heap before GC invocations=5 (full 0):
 PSYoungGen      total 137216K, used 128440K [0x000000076e100000, 0x0000000777100000, 0x00000007c0000000)
  eden space 126976K, 100% used [0x000000076e100000,0x0000000775d00000,0x0000000775d00000)
  from space 10240K, 14% used [0x0000000776700000,0x000000077686e010,0x0000000777100000)
  to   space 10240K, 0% used [0x0000000775d00000,0x0000000775d00000,0x0000000776700000)
 ParOldGen       total 167936K, used 16K [0x00000006ca200000, 0x00000006d4600000, 0x000000076e100000)
  object space 167936K, 0% used [0x00000006ca200000,0x00000006ca204000,0x00000006d4600000)
 Metaspace       used 4462K, capacity 4744K, committed 4864K, reserved 1056768K
  class space    used 490K, capacity 496K, committed 512K, reserved 1048576K
Event: 3.784 GC heap after
Heap after GC invocations=5 (full 0):
 PSYoungGen      total 137216K, used 1632K [0x000000076e100000, 0x000000077dd00000, 0x00000007c0000000)
  eden space 126976K, 0% used [0x000000076e100000,0x000000076e100000,0x0000000775d00000)
  from space 10240K, 15% used [0x0000000775d00000,0x0000000775e98040,0x0000000776700000)
  to   space 2048K, 0% used [0x000000077db00000,0x000000077db00000,0x000000077dd00000)
 ParOldGen       total 167936K, used 24K [0x00000006ca200000, 0x00000006d4600000, 0x000000076e100000)
  object space 167936K, 0% used [0x00000006ca200000,0x00000006ca206000,0x00000006d4600000)
 Metaspace       used 4462K, capacity 4744K, committed 4864K, reserved 1056768K
  class space    used 490K, capacity 496K, committed 512K, reserved 1048576K
}
Event: 3.857 GC heap before
{Heap before GC invocations=6 (full 0):
 PSYoungGen      total 137216K, used 128608K [0x000000076e100000, 0x000000077dd00000, 0x00000007c0000000)
  eden space 126976K, 100% used [0x000000076e100000,0x0000000775d00000,0x0000000775d00000)
  from space 10240K, 15% used [0x0000000775d00000,0x0000000775e98040,0x0000000776700000)
  to   space 2048K, 0% used [0x000000077db00000,0x000000077db00000,0x000000077dd00000)
 ParOldGen       total 167936K, used 24K [0x00000006ca200000, 0x00000006d4600000, 0x000000076e100000)
  object space 167936K, 0% used [0x00000006ca200000,0x00000006ca206000,0x00000006d4600000)
 Metaspace       used 4462K, capacity 4744K, committed 4864K, reserved 1056768K
  class space    used 490K, capacity 496K, committed 512K, reserved 1048576K
Event: 3.858 GC heap after
Heap after GC invocations=6 (full 0):
 PSYoungGen      total 256000K, used 1528K [0x000000076e100000, 0x000000077dd00000, 0x00000007c0000000)
  eden space 253952K, 0% used [0x000000076e100000,0x000000076e100000,0x000000077d900000)
  from space 2048K, 74% used [0x000000077db00000,0x000000077dc7e010,0x000000077dd00000)
  to   space 2048K, 0% used [0x000000077d900000,0x000000077d900000,0x000000077db00000)
 ParOldGen       total 167936K, used 32K [0x00000006ca200000, 0x00000006d4600000, 0x000000076e100000)
  object space 167936K, 0% used [0x00000006ca200000,0x00000006ca208000,0x00000006d4600000)
 Metaspace       used 4462K, capacity 4744K, committed 4864K, reserved 1056768K
  class space    used 490K, capacity 496K, committed 512K, reserved 1048576K
}
Event: 4.041 GC heap before
{Heap before GC invocations=7 (full 0):
 PSYoungGen      total 256000K, used 255480K [0x000000076e100000, 0x000000077dd00000, 0x00000007c0000000)
  eden space 253952K, 100% used [0x000000076e100000,0x000000077d900000,0x000000077d900000)
  from space 2048K, 74% used [0x000000077db00000,0x000000077dc7e010,0x000000077dd00000)
  to   space 2048K, 0% used [0x000000077d900000,0x000000077d900000,0x000000077db00000)
 ParOldGen       total 167936K, used 32K [0x00000006ca200000, 0x00000006d4600000, 0x000000076e100000)
  object space 167936K, 0% used [0x00000006ca200000,0x00000006ca208000,0x00000006d4600000)
 Metaspace       used 4462K, capacity 4744K, committed 4864K, reserved 1056768K
  class space    used 490K, capacity 496K, committed 512K, reserved 1048576K
Event: 4.043 GC heap after
Heap after GC invocations=7 (full 0):
 PSYoungGen      total 256000K, used 64K [0x000000076e100000, 0x000000078d500000, 0x00000007c0000000)
  eden space 253952K, 0% used [0x000000076e100000,0x000000076e100000,0x000000077d900000)
  from space 2048K, 3% used [0x000000077d900000,0x000000077d910000,0x000000077db00000)
  to   space 2048K, 0% used [0x000000078d300000,0x000000078d300000,0x000000078d500000)
 ParOldGen       total 167936K, used 1415K [0x00000006ca200000, 0x00000006d4600000, 0x000000076e100000)
  object space 167936K, 0% used [0x00000006ca200000,0x00000006ca361ca0,0x00000006d4600000)
 Metaspace       used 4462K, capacity 4744K, committed 4864K, reserved 1056768K
  class space    used 490K, capacity 496K, committed 512K, reserved 1048576K
}
Event: 4.185 GC heap before
{Heap before GC invocations=8 (full 0):
 PSYoungGen      total 256000K, used 254016K [0x000000076e100000, 0x000000078d500000, 0x00000007c0000000)
  eden space 253952K, 100% used [0x000000076e100000,0x000000077d900000,0x000000077d900000)
  from space 2048K, 3% used [0x000000077d900000,0x000000077d910000,0x000000077db00000)
  to   space 2048K, 0% used [0x000000078d300000,0x000000078d300000,0x000000078d500000)
 ParOldGen       total 167936K, used 1415K [0x00000006ca200000, 0x00000006d4600000, 0x000000076e100000)
  object space 167936K, 0% used [0x00000006ca200000,0x00000006ca361ca0,0x00000006d4600000)
 Metaspace       used 4462K, capacity 4744K, committed 4864K, reserved 1056768K
  class space    used 490K, capacity 496K, committed 512K, reserved 1048576K
Event: 4.186 GC heap after
Heap after GC invocations=8 (full 0):
 PSYoungGen      total 509440K, used 32K [0x000000076e100000, 0x000000078d600000, 0x00000007c0000000)
  eden space 507392K, 0% used [0x000000076e100000,0x000000076e100000,0x000000078d080000)
  from space 2048K, 1% used [0x000000078d300000,0x000000078d308000,0x000000078d500000)
  to   space 2560K, 0% used [0x000000078d080000,0x000000078d080000,0x000000078d300000)
 ParOldGen       total 167936K, used 1415K [0x00000006ca200000, 0x00000006d4600000, 0x000000076e100000)
  object space 167936K, 0% used [0x00000006ca200000,0x00000006ca361ca0,0x00000006d4600000)
 Metaspace       used 4462K, capacity 4744K, committed 4864K, reserved 1056768K
  class space    used 490K, capacity 496K, committed 512K, reserved 1048576K
}

